Nov 28, 2018 10:45:18 AM org.apache.catalina.startup.VersionLoggerListener log
INFO: Server version:        Apache Tomcat (TomEE)/7.0.81 (1.7.5)
Nov 28, 2018 10:45:18 AM org.apache.catalina.startup.VersionLoggerListener log
INFO: Server built:          Aug 11 2017 10:21:27 UTC
Nov 28, 2018 10:45:18 AM org.apache.catalina.startup.VersionLoggerListener log
INFO: Server number:         7.0.81.0
Nov 28, 2018 10:45:18 AM org.apache.catalina.startup.VersionLoggerListener log
INFO: OS Name:               Windows 10
Nov 28, 2018 10:45:18 AM org.apache.catalina.startup.VersionLoggerListener log
INFO: OS Version:            10.0
Nov 28, 2018 10:45:18 AM org.apache.catalina.startup.VersionLoggerListener log
INFO: Architecture:          amd64
Nov 28, 2018 10:45:18 AM org.apache.catalina.startup.VersionLoggerListener log
INFO: Java Home:             C:\Program Files\Java\jdk1.8.0_191\jre
Nov 28, 2018 10:45:18 AM org.apache.catalina.startup.VersionLoggerListener log
INFO: JVM Version:           1.8.0_191-b12
Nov 28, 2018 10:45:18 AM org.apache.catalina.startup.VersionLoggerListener log
INFO: JVM Vendor:            Oracle Corporation
Nov 28, 2018 10:45:18 AM org.apache.catalina.startup.VersionLoggerListener log
INFO: CATALINA_BASE:         C:\Users\i058967\address-manager\application\target\apache-tomee
Nov 28, 2018 10:45:18 AM org.apache.catalina.startup.VersionLoggerListener log
INFO: CATALINA_HOME:         C:\Users\i058967\address-manager\application\target\apache-tomee
Nov 28, 2018 10:45:18 AM org.apache.catalina.startup.VersionLoggerListener log
INFO: Command line argument: -XX:+HeapDumpOnOutOfMemoryError
Nov 28, 2018 10:45:18 AM org.apache.catalina.startup.VersionLoggerListener log
INFO: Command line argument: -Dorg.apache.catalina.STRICT_SERVLET_COMPLIANCE=false
Nov 28, 2018 10:45:18 AM org.apache.catalina.startup.VersionLoggerListener log
INFO: Command line argument: -Dopenejb.session.manager=org.apache.tomee.catalina.session.QuickSessionManager
Nov 28, 2018 10:45:18 AM org.apache.catalina.startup.VersionLoggerListener log
INFO: Command line argument: -Dtomee.remote.support=true
Nov 28, 2018 10:45:18 AM org.apache.catalina.startup.VersionLoggerListener log
INFO: Command line argument: -Dopenejb.system.apps=false
Nov 28, 2018 10:45:18 AM org.apache.catalina.startup.VersionLoggerListener log
INFO: Command line argument: -Djava.util.logging.config.file=C:\Users\i058967\address-manager\application\target\apache-tomee\conf\logging.properties
Nov 28, 2018 10:45:18 AM org.apache.catalina.startup.VersionLoggerListener log
INFO: Command line argument: -javaagent:C:\Users\i058967\address-manager\application\target\apache-tomee\lib\openejb-javaagent.jar
Nov 28, 2018 10:45:18 AM org.apache.catalina.startup.VersionLoggerListener log
INFO: Command line argument: -Djava.util.logging.manager=org.apache.juli.ClassLoaderLogManager
Nov 28, 2018 10:45:18 AM org.apache.catalina.startup.VersionLoggerListener log
INFO: Command line argument: -Djava.io.tmpdir=C:\Users\i058967\address-manager\application\target\apache-tomee\temp
Nov 28, 2018 10:45:18 AM org.apache.catalina.startup.VersionLoggerListener log
INFO: Command line argument: -Djava.endorsed.dirs=C:\Users\i058967\address-manager\application\target\apache-tomee\endorsed
Nov 28, 2018 10:45:18 AM org.apache.catalina.startup.VersionLoggerListener log
INFO: Command line argument: -Dcatalina.base=C:\Users\i058967\address-manager\application\target\apache-tomee
Nov 28, 2018 10:45:18 AM org.apache.catalina.startup.VersionLoggerListener log
INFO: Command line argument: -Dcatalina.home=C:\Users\i058967\address-manager\application\target\apache-tomee
Nov 28, 2018 10:45:18 AM org.apache.catalina.startup.VersionLoggerListener log
INFO: Command line argument: -Dcatalina.ext.dirs=C:\Users\i058967\address-manager\application\target\apache-tomee\lib
Nov 28, 2018 10:45:18 AM org.apache.catalina.startup.VersionLoggerListener log
INFO: Command line argument: -Dorg.apache.tomcat.util.http.ServerCookie.ALLOW_HTTP_SEPARATORS_IN_V0=true
Nov 28, 2018 10:45:18 AM org.apache.catalina.startup.VersionLoggerListener log
INFO: Command line argument: -ea
Nov 28, 2018 10:45:18 AM org.apache.catalina.core.AprLifecycleListener lifecycleEvent
INFO: The APR based Apache Tomcat Native library which allows optimal performance in production environments was not found on the java.library.path: C:\Program Files\Java\jdk1.8.0_191\jre\bin;C:\WINDOWS\Sun\Java\bin;C:\WINDOWS\system32;C:\WINDOWS;C:\Program Files (x86)\Common Files\Oracle\Java\javapath;C:\ProgramData\Oracle\Java\javapath;C:\WINDOWS\system32;C:\WINDOWS;C:\WINDOWS\System32\Wbem;C:\WINDOWS\System32\WindowsPowerShell\v1.0\;C:\Users\i058967\AppData\Local\Microsoft\WindowsApps;C:\Program Files\Apache\apache-maven-3.6.0\bin;;.
Nov 28, 2018 10:45:19 AM org.apache.coyote.AbstractProtocol init
INFO: Initializing ProtocolHandler ["http-bio-8080"]
Nov 28, 2018 10:45:19 AM org.apache.coyote.AbstractProtocol init
INFO: Initializing ProtocolHandler ["ajp-bio-8009"]
Nov 28, 2018 10:45:19 AM org.apache.openejb.util.OptionsLog info
INFO: Using 'tomee.remote.support=true'
Nov 28, 2018 10:45:19 AM org.apache.openejb.util.OptionsLog info
INFO: Using 'openejb.jdbc.datasource-creator=org.apache.tomee.jdbc.TomEEDataSourceCreator'
Nov 28, 2018 10:45:20 AM org.apache.openejb.OpenEJB$Instance <init>
INFO: ********************************************************************************
Nov 28, 2018 10:45:20 AM org.apache.openejb.OpenEJB$Instance <init>
INFO: OpenEJB http://tomee.apache.org/
Nov 28, 2018 10:45:20 AM org.apache.openejb.OpenEJB$Instance <init>
INFO: Startup: Wed Nov 28 10:45:20 SGT 2018
Nov 28, 2018 10:45:20 AM org.apache.openejb.OpenEJB$Instance <init>
INFO: Copyright 1999-2015 (C) Apache OpenEJB/TomEE Project, All Rights Reserved.
Nov 28, 2018 10:45:20 AM org.apache.openejb.OpenEJB$Instance <init>
INFO: Version: 4.7.5
Nov 28, 2018 10:45:20 AM org.apache.openejb.OpenEJB$Instance <init>
INFO: Build date: 20170927
Nov 28, 2018 10:45:20 AM org.apache.openejb.OpenEJB$Instance <init>
INFO: Build time: 12:02
Nov 28, 2018 10:45:20 AM org.apache.openejb.OpenEJB$Instance <init>
INFO: ********************************************************************************
Nov 28, 2018 10:45:20 AM org.apache.openejb.OpenEJB$Instance <init>
INFO: openejb.home = C:\Users\i058967\address-manager\application\target\apache-tomee
Nov 28, 2018 10:45:20 AM org.apache.openejb.OpenEJB$Instance <init>
INFO: openejb.base = C:\Users\i058967\address-manager\application\target\apache-tomee
Nov 28, 2018 10:45:20 AM org.apache.openejb.cdi.CdiBuilder initializeOWB
INFO: Created new singletonService org.apache.openejb.cdi.ThreadSingletonServiceImpl@51b279c9
Nov 28, 2018 10:45:20 AM org.apache.openejb.cdi.CdiBuilder initializeOWB
INFO: Succeeded in installing singleton service
Nov 28, 2018 10:45:20 AM org.apache.openejb.config.ConfigurationFactory init
INFO: openejb configuration file is 'C:\Users\i058967\address-manager\application\target\apache-tomee\conf\tomee.xml'
Nov 28, 2018 10:45:20 AM org.apache.openejb.config.ConfigurationFactory configureService
INFO: Configuring Service(id=Tomcat Security Service, type=SecurityService, provider-id=Tomcat Security Service)
Nov 28, 2018 10:45:20 AM org.apache.openejb.config.ConfigurationFactory configureService
INFO: Configuring Service(id=Default Transaction Manager, type=TransactionManager, provider-id=Default Transaction Manager)
Nov 28, 2018 10:45:20 AM org.apache.openejb.util.OptionsLog info
INFO: Using 'openejb.system.apps=false'
Nov 28, 2018 10:45:20 AM org.apache.openejb.util.OptionsLog info
INFO: Using 'openejb.deployments.classpath=false'
Nov 28, 2018 10:45:20 AM org.apache.openejb.assembler.classic.Assembler createRecipe
INFO: Creating TransactionManager(id=Default Transaction Manager)
Nov 28, 2018 10:45:20 AM org.apache.openejb.assembler.classic.Assembler createRecipe
INFO: Creating SecurityService(id=Tomcat Security Service)
Nov 28, 2018 10:45:20 AM org.apache.openejb.server.ServiceManager initServer
INFO: Creating ServerService(id=cxf-rs)
Nov 28, 2018 10:45:20 AM org.apache.openejb.server.SimpleServiceManager start
INFO:   ** Bound Services **
Nov 28, 2018 10:45:20 AM org.apache.openejb.server.SimpleServiceManager printRow
INFO:   NAME                 IP              PORT  
Nov 28, 2018 10:45:20 AM org.apache.openejb.server.SimpleServiceManager start
INFO: -------
Nov 28, 2018 10:45:20 AM org.apache.openejb.server.SimpleServiceManager start
INFO: Ready!
Nov 28, 2018 10:45:20 AM org.apache.catalina.startup.Catalina load
INFO: Initialization processed in 2862 ms
Nov 28, 2018 10:45:20 AM org.apache.tomee.catalina.OpenEJBNamingContextListener bindResource
INFO: Importing a Tomcat Resource with id 'UserDatabase' of type 'org.apache.catalina.UserDatabase'.
Nov 28, 2018 10:45:20 AM org.apache.openejb.assembler.classic.Assembler createRecipe
INFO: Creating Resource(id=UserDatabase)
Nov 28, 2018 10:45:20 AM org.apache.catalina.core.StandardService startInternal
INFO: Starting service Catalina
Nov 28, 2018 10:45:20 AM org.apache.catalina.core.StandardEngine startInternal
INFO: Starting Servlet Engine: Apache Tomcat (TomEE)/7.0.81 (1.7.5)
Nov 28, 2018 10:45:20 AM org.apache.catalina.startup.HostConfig deployWAR
INFO: Deploying web application archive C:\Users\i058967\address-manager\application\target\apache-tomee\webapps\ROOT.war
Nov 28, 2018 10:45:21 AM org.apache.tomee.catalina.TomcatWebAppBuilder init
INFO: ------------------------- localhost -> /
Nov 28, 2018 10:45:21 AM org.apache.openejb.util.JarExtractor extract
INFO: Extracting jar: C:\Users\i058967\address-manager\application\target\apache-tomee\webapps\ROOT.war
Nov 28, 2018 10:45:21 AM org.apache.openejb.util.JarExtractor extract
INFO: Extracted path: C:\Users\i058967\address-manager\application\target\apache-tomee\webapps\ROOT
Nov 28, 2018 10:45:21 AM org.apache.openejb.util.OptionsLog info
INFO: Using 'openejb.session.manager=org.apache.tomee.catalina.session.QuickSessionManager'
Nov 28, 2018 10:45:24 AM org.apache.openejb.config.ConfigurationFactory configureApplication
INFO: Configuring enterprise application: C:\Users\i058967\address-manager\application\target\apache-tomee\webapps\ROOT
Nov 28, 2018 10:45:25 AM org.apache.openejb.config.ConfigurationFactory configureService
INFO: Configuring Service(id=Default Managed Container, type=Container, provider-id=Default Managed Container)
Nov 28, 2018 10:45:25 AM org.apache.openejb.config.AutoConfig createContainer
INFO: Auto-creating a container for bean .Comp1408118075: Container(type=MANAGED, id=Default Managed Container)
Nov 28, 2018 10:45:25 AM org.apache.openejb.assembler.classic.Assembler createRecipe
INFO: Creating Container(id=Default Managed Container)
Nov 28, 2018 10:45:25 AM org.apache.openejb.core.managed.SimplePassivater init
INFO: Using directory C:\Users\i058967\address-manager\application\target\apache-tomee\temp for stateful session passivation
Nov 28, 2018 10:45:25 AM org.apache.openejb.config.AppInfoBuilder build
INFO: Enterprise application "C:\Users\i058967\address-manager\application\target\apache-tomee\webapps\ROOT" loaded.
Nov 28, 2018 10:45:25 AM org.apache.openejb.assembler.classic.Assembler createApplication
INFO: Assembling app: C:\Users\i058967\address-manager\application\target\apache-tomee\webapps\ROOT
Nov 28, 2018 10:45:25 AM org.apache.openejb.cdi.CdiBuilder initSingleton
INFO: Existing thread singleton service in SystemInstance(): org.apache.openejb.cdi.ThreadSingletonServiceImpl@51b279c9
Nov 28, 2018 10:45:25 AM org.apache.openejb.cdi.OpenEJBLifecycle startApplication
INFO: OpenWebBeans Container is starting...
Nov 28, 2018 10:45:26 AM org.apache.webbeans.plugins.PluginLoader startUp
INFO: Adding OpenWebBeansPlugin : [CdiPlugin]
Nov 28, 2018 10:45:26 AM org.apache.webbeans.plugins.PluginLoader startUp
INFO: Adding OpenWebBeansPlugin : [OpenWebBeansJsfPlugin]
Nov 28, 2018 10:45:35 AM org.apache.webbeans.config.BeansDeployer deploySingleAnnotatedType
INFO: Skipping deployment of Class class com.sap.cloud.sdk.cloudplatform.auditlog.ScpCfAuditLogdue to a NoClassDefFoundError: com/sap/xs/audit/api/exception/AuditLogNotAvailableException
Nov 28, 2018 10:45:38 AM org.apache.webbeans.config.BeansDeployer validateInjectionPoints
INFO: All injection points were validated successfully.
Nov 28, 2018 10:45:38 AM org.apache.openejb.cdi.OpenEJBLifecycle startApplication
INFO: OpenWebBeans Container has started, it took 12202 ms.
Nov 28, 2018 10:45:38 AM org.apache.openejb.assembler.classic.Assembler createApplication
INFO: Deployed Application(path=C:\Users\i058967\address-manager\application\target\apache-tomee\webapps\ROOT)
Nov 28, 2018 10:45:40 AM org.apache.catalina.startup.HostConfig deployWAR
INFO: Deployment of web application archive C:\Users\i058967\address-manager\application\target\apache-tomee\webapps\ROOT.war has finished in 19,724 ms
Nov 28, 2018 10:45:40 AM org.apache.coyote.AbstractProtocol start
INFO: Starting ProtocolHandler ["http-bio-8080"]
Nov 28, 2018 10:45:40 AM org.apache.coyote.AbstractProtocol start
INFO: Starting ProtocolHandler ["ajp-bio-8009"]
Nov 28, 2018 10:45:40 AM org.apache.catalina.startup.Catalina start
INFO: Server startup in 19986 ms
Nov 28, 2018 10:49:44 AM org.apache.catalina.core.StandardServer await
INFO: A valid shutdown command was received via the shutdown port. Stopping the Server instance.
Nov 28, 2018 10:49:44 AM org.apache.coyote.AbstractProtocol pause
INFO: Pausing ProtocolHandler ["http-bio-8080"]
Nov 28, 2018 10:49:45 AM org.apache.coyote.AbstractProtocol pause
INFO: Pausing ProtocolHandler ["ajp-bio-8009"]
Nov 28, 2018 10:49:45 AM org.apache.catalina.core.StandardService stopInternal
INFO: Stopping service Catalina
Nov 28, 2018 10:49:45 AM org.apache.openejb.assembler.classic.Assembler destroyApplication
INFO: Undeploying app: C:\Users\i058967\address-manager\application\target\apache-tomee\webapps\ROOT
Nov 28, 2018 10:49:45 AM org.apache.openejb.util.OptionsLog info
INFO: Using 'openjpa.Log=org.apache.openejb.openjpa.JULOpenJPALogFactory'
Nov 28, 2018 10:49:45 AM org.apache.openejb.assembler.classic.Assembler destroyApplication
INFO: Undeployed app: C:\Users\i058967\address-manager\application\target\apache-tomee\webapps\ROOT
Nov 28, 2018 10:49:45 AM org.apache.catalina.loader.WebappClassLoaderBase checkThreadLocalMapForLeaks
SEVERE: The web application [] created a ThreadLocal with key of type [java.lang.ThreadLocal] (value [java.lang.ThreadLocal@4658573d]) and a value of type [com.netflix.hystrix.strategy.concurrency.HystrixRequestContext] (value [com.netflix.hystrix.strategy.concurrency.HystrixRequestContext@6d22c14b]) but failed to remove it when the web application was stopped. Threads are going to be renewed over time to try and avoid a probable memory leak.
Nov 28, 2018 10:49:45 AM org.apache.catalina.loader.WebappClassLoaderBase checkThreadLocalMapForLeaks
SEVERE: The web application [] created a ThreadLocal with key of type [java.lang.ThreadLocal] (value [java.lang.ThreadLocal@4658573d]) and a value of type [com.netflix.hystrix.strategy.concurrency.HystrixRequestContext] (value [com.netflix.hystrix.strategy.concurrency.HystrixRequestContext@ba684a9]) but failed to remove it when the web application was stopped. Threads are going to be renewed over time to try and avoid a probable memory leak.
Nov 28, 2018 10:49:45 AM org.apache.catalina.loader.WebappClassLoaderBase checkThreadLocalMapForLeaks
SEVERE: The web application [] created a ThreadLocal with key of type [java.lang.ThreadLocal] (value [java.lang.ThreadLocal@4658573d]) and a value of type [com.netflix.hystrix.strategy.concurrency.HystrixRequestContext] (value [com.netflix.hystrix.strategy.concurrency.HystrixRequestContext@34f953c7]) but failed to remove it when the web application was stopped. Threads are going to be renewed over time to try and avoid a probable memory leak.
Nov 28, 2018 10:49:45 AM org.apache.catalina.loader.WebappClassLoaderBase checkThreadLocalMapForLeaks
SEVERE: The web application [] created a ThreadLocal with key of type [com.netflix.hystrix.Hystrix$1] (value [com.netflix.hystrix.Hystrix$1@4b4fbc0b]) and a value of type [com.netflix.hystrix.Hystrix.ConcurrentStack] (value [com.netflix.hystrix.Hystrix$ConcurrentStack@74f3ea07]) but failed to remove it when the web application was stopped. Threads are going to be renewed over time to try and avoid a probable memory leak.
Nov 28, 2018 10:49:45 AM org.apache.coyote.AbstractProtocol stop
INFO: Stopping ProtocolHandler ["http-bio-8080"]
Nov 28, 2018 10:49:45 AM org.apache.coyote.AbstractProtocol stop
INFO: Stopping ProtocolHandler ["ajp-bio-8009"]
Nov 28, 2018 10:49:45 AM org.apache.openejb.server.SimpleServiceManager stop
INFO: Stopping server services
Nov 28, 2018 10:49:45 AM org.apache.coyote.AbstractProtocol destroy
INFO: Destroying ProtocolHandler ["http-bio-8080"]
Nov 28, 2018 10:49:45 AM org.apache.coyote.AbstractProtocol destroy
INFO: Destroying ProtocolHandler ["ajp-bio-8009"]
Nov 28, 2018 10:53:31 AM org.apache.catalina.startup.VersionLoggerListener log
INFO: Server version:        Apache Tomcat (TomEE)/7.0.81 (1.7.5)
Nov 28, 2018 10:53:31 AM org.apache.catalina.startup.VersionLoggerListener log
INFO: Server built:          Aug 11 2017 10:21:27 UTC
Nov 28, 2018 10:53:31 AM org.apache.catalina.startup.VersionLoggerListener log
INFO: Server number:         7.0.81.0
Nov 28, 2018 10:53:31 AM org.apache.catalina.startup.VersionLoggerListener log
INFO: OS Name:               Windows 10
Nov 28, 2018 10:53:31 AM org.apache.catalina.startup.VersionLoggerListener log
INFO: OS Version:            10.0
Nov 28, 2018 10:53:31 AM org.apache.catalina.startup.VersionLoggerListener log
INFO: Architecture:          amd64
Nov 28, 2018 10:53:31 AM org.apache.catalina.startup.VersionLoggerListener log
INFO: Java Home:             C:\Program Files\Java\jdk1.8.0_191\jre
Nov 28, 2018 10:53:31 AM org.apache.catalina.startup.VersionLoggerListener log
INFO: JVM Version:           1.8.0_191-b12
Nov 28, 2018 10:53:31 AM org.apache.catalina.startup.VersionLoggerListener log
INFO: JVM Vendor:            Oracle Corporation
Nov 28, 2018 10:53:31 AM org.apache.catalina.startup.VersionLoggerListener log
INFO: CATALINA_BASE:         C:\Users\i058967\address-manager\application\target\apache-tomee
Nov 28, 2018 10:53:31 AM org.apache.catalina.startup.VersionLoggerListener log
INFO: CATALINA_HOME:         C:\Users\i058967\address-manager\application\target\apache-tomee
Nov 28, 2018 10:53:31 AM org.apache.catalina.startup.VersionLoggerListener log
INFO: Command line argument: -XX:+HeapDumpOnOutOfMemoryError
Nov 28, 2018 10:53:31 AM org.apache.catalina.startup.VersionLoggerListener log
INFO: Command line argument: -Dorg.apache.catalina.STRICT_SERVLET_COMPLIANCE=false
Nov 28, 2018 10:53:31 AM org.apache.catalina.startup.VersionLoggerListener log
INFO: Command line argument: -Dopenejb.session.manager=org.apache.tomee.catalina.session.QuickSessionManager
Nov 28, 2018 10:53:31 AM org.apache.catalina.startup.VersionLoggerListener log
INFO: Command line argument: -Dtomee.remote.support=true
Nov 28, 2018 10:53:31 AM org.apache.catalina.startup.VersionLoggerListener log
INFO: Command line argument: -Dopenejb.system.apps=false
Nov 28, 2018 10:53:31 AM org.apache.catalina.startup.VersionLoggerListener log
INFO: Command line argument: -Djava.util.logging.config.file=C:\Users\i058967\address-manager\application\target\apache-tomee\conf\logging.properties
Nov 28, 2018 10:53:31 AM org.apache.catalina.startup.VersionLoggerListener log
INFO: Command line argument: -javaagent:C:\Users\i058967\address-manager\application\target\apache-tomee\lib\openejb-javaagent.jar
Nov 28, 2018 10:53:31 AM org.apache.catalina.startup.VersionLoggerListener log
INFO: Command line argument: -Djava.util.logging.manager=org.apache.juli.ClassLoaderLogManager
Nov 28, 2018 10:53:31 AM org.apache.catalina.startup.VersionLoggerListener log
INFO: Command line argument: -Djava.io.tmpdir=C:\Users\i058967\address-manager\application\target\apache-tomee\temp
Nov 28, 2018 10:53:31 AM org.apache.catalina.startup.VersionLoggerListener log
INFO: Command line argument: -Djava.endorsed.dirs=C:\Users\i058967\address-manager\application\target\apache-tomee\endorsed
Nov 28, 2018 10:53:31 AM org.apache.catalina.startup.VersionLoggerListener log
INFO: Command line argument: -Dcatalina.base=C:\Users\i058967\address-manager\application\target\apache-tomee
Nov 28, 2018 10:53:31 AM org.apache.catalina.startup.VersionLoggerListener log
INFO: Command line argument: -Dcatalina.home=C:\Users\i058967\address-manager\application\target\apache-tomee
Nov 28, 2018 10:53:31 AM org.apache.catalina.startup.VersionLoggerListener log
INFO: Command line argument: -Dcatalina.ext.dirs=C:\Users\i058967\address-manager\application\target\apache-tomee\lib
Nov 28, 2018 10:53:31 AM org.apache.catalina.startup.VersionLoggerListener log
INFO: Command line argument: -Dorg.apache.tomcat.util.http.ServerCookie.ALLOW_HTTP_SEPARATORS_IN_V0=true
Nov 28, 2018 10:53:31 AM org.apache.catalina.startup.VersionLoggerListener log
INFO: Command line argument: -ea
Nov 28, 2018 10:53:31 AM org.apache.catalina.core.AprLifecycleListener lifecycleEvent
INFO: The APR based Apache Tomcat Native library which allows optimal performance in production environments was not found on the java.library.path: C:\Program Files\Java\jdk1.8.0_191\jre\bin;C:\WINDOWS\Sun\Java\bin;C:\WINDOWS\system32;C:\WINDOWS;C:\Program Files (x86)\Common Files\Oracle\Java\javapath;C:\ProgramData\Oracle\Java\javapath;C:\WINDOWS\system32;C:\WINDOWS;C:\WINDOWS\System32\Wbem;C:\WINDOWS\System32\WindowsPowerShell\v1.0\;C:\Users\i058967\AppData\Local\Microsoft\WindowsApps;C:\Program Files\Apache\apache-maven-3.6.0\bin;;.
Nov 28, 2018 10:53:32 AM org.apache.coyote.AbstractProtocol init
INFO: Initializing ProtocolHandler ["http-bio-8080"]
Nov 28, 2018 10:53:32 AM org.apache.coyote.AbstractProtocol init
INFO: Initializing ProtocolHandler ["ajp-bio-8009"]
Nov 28, 2018 10:53:32 AM org.apache.openejb.util.OptionsLog info
INFO: Using 'tomee.remote.support=true'
Nov 28, 2018 10:53:32 AM org.apache.openejb.util.OptionsLog info
INFO: Using 'openejb.jdbc.datasource-creator=org.apache.tomee.jdbc.TomEEDataSourceCreator'
Nov 28, 2018 10:53:32 AM org.apache.openejb.OpenEJB$Instance <init>
INFO: ********************************************************************************
Nov 28, 2018 10:53:32 AM org.apache.openejb.OpenEJB$Instance <init>
INFO: OpenEJB http://tomee.apache.org/
Nov 28, 2018 10:53:32 AM org.apache.openejb.OpenEJB$Instance <init>
INFO: Startup: Wed Nov 28 10:53:32 SGT 2018
Nov 28, 2018 10:53:32 AM org.apache.openejb.OpenEJB$Instance <init>
INFO: Copyright 1999-2015 (C) Apache OpenEJB/TomEE Project, All Rights Reserved.
Nov 28, 2018 10:53:32 AM org.apache.openejb.OpenEJB$Instance <init>
INFO: Version: 4.7.5
Nov 28, 2018 10:53:32 AM org.apache.openejb.OpenEJB$Instance <init>
INFO: Build date: 20170927
Nov 28, 2018 10:53:32 AM org.apache.openejb.OpenEJB$Instance <init>
INFO: Build time: 12:02
Nov 28, 2018 10:53:32 AM org.apache.openejb.OpenEJB$Instance <init>
INFO: ********************************************************************************
Nov 28, 2018 10:53:32 AM org.apache.openejb.OpenEJB$Instance <init>
INFO: openejb.home = C:\Users\i058967\address-manager\application\target\apache-tomee
Nov 28, 2018 10:53:32 AM org.apache.openejb.OpenEJB$Instance <init>
INFO: openejb.base = C:\Users\i058967\address-manager\application\target\apache-tomee
Nov 28, 2018 10:53:32 AM org.apache.openejb.cdi.CdiBuilder initializeOWB
INFO: Created new singletonService org.apache.openejb.cdi.ThreadSingletonServiceImpl@51b279c9
Nov 28, 2018 10:53:32 AM org.apache.openejb.cdi.CdiBuilder initializeOWB
INFO: Succeeded in installing singleton service
Nov 28, 2018 10:53:32 AM org.apache.openejb.config.ConfigurationFactory init
INFO: openejb configuration file is 'C:\Users\i058967\address-manager\application\target\apache-tomee\conf\tomee.xml'
Nov 28, 2018 10:53:33 AM org.apache.openejb.config.ConfigurationFactory configureService
INFO: Configuring Service(id=Tomcat Security Service, type=SecurityService, provider-id=Tomcat Security Service)
Nov 28, 2018 10:53:33 AM org.apache.openejb.config.ConfigurationFactory configureService
INFO: Configuring Service(id=Default Transaction Manager, type=TransactionManager, provider-id=Default Transaction Manager)
Nov 28, 2018 10:53:33 AM org.apache.openejb.util.OptionsLog info
INFO: Using 'openejb.system.apps=false'
Nov 28, 2018 10:53:33 AM org.apache.openejb.util.OptionsLog info
INFO: Using 'openejb.deployments.classpath=false'
Nov 28, 2018 10:53:33 AM org.apache.openejb.assembler.classic.Assembler createRecipe
INFO: Creating TransactionManager(id=Default Transaction Manager)
Nov 28, 2018 10:53:33 AM org.apache.openejb.assembler.classic.Assembler createRecipe
INFO: Creating SecurityService(id=Tomcat Security Service)
Nov 28, 2018 10:53:33 AM org.apache.openejb.server.ServiceManager initServer
INFO: Creating ServerService(id=cxf-rs)
Nov 28, 2018 10:53:33 AM org.apache.openejb.server.SimpleServiceManager start
INFO:   ** Bound Services **
Nov 28, 2018 10:53:33 AM org.apache.openejb.server.SimpleServiceManager printRow
INFO:   NAME                 IP              PORT  
Nov 28, 2018 10:53:33 AM org.apache.openejb.server.SimpleServiceManager start
INFO: -------
Nov 28, 2018 10:53:33 AM org.apache.openejb.server.SimpleServiceManager start
INFO: Ready!
Nov 28, 2018 10:53:33 AM org.apache.catalina.startup.Catalina load
INFO: Initialization processed in 2654 ms
Nov 28, 2018 10:53:33 AM org.apache.tomee.catalina.OpenEJBNamingContextListener bindResource
INFO: Importing a Tomcat Resource with id 'UserDatabase' of type 'org.apache.catalina.UserDatabase'.
Nov 28, 2018 10:53:33 AM org.apache.openejb.assembler.classic.Assembler createRecipe
INFO: Creating Resource(id=UserDatabase)
Nov 28, 2018 10:53:33 AM org.apache.catalina.core.StandardService startInternal
INFO: Starting service Catalina
Nov 28, 2018 10:53:33 AM org.apache.catalina.core.StandardEngine startInternal
INFO: Starting Servlet Engine: Apache Tomcat (TomEE)/7.0.81 (1.7.5)
Nov 28, 2018 10:53:33 AM org.apache.catalina.startup.HostConfig deployWAR
INFO: Deploying web application archive C:\Users\i058967\address-manager\application\target\apache-tomee\webapps\ROOT.war
Nov 28, 2018 10:53:33 AM org.apache.tomee.catalina.TomcatWebAppBuilder init
INFO: ------------------------- localhost -> /
Nov 28, 2018 10:53:33 AM org.apache.openejb.util.JarExtractor extract
INFO: Extracting jar: C:\Users\i058967\address-manager\application\target\apache-tomee\webapps\ROOT.war
Nov 28, 2018 10:53:34 AM org.apache.openejb.util.JarExtractor extract
INFO: Extracted path: C:\Users\i058967\address-manager\application\target\apache-tomee\webapps\ROOT
Nov 28, 2018 10:53:34 AM org.apache.openejb.util.OptionsLog info
INFO: Using 'openejb.session.manager=org.apache.tomee.catalina.session.QuickSessionManager'
Nov 28, 2018 10:53:37 AM org.apache.openejb.config.ConfigurationFactory configureApplication
INFO: Configuring enterprise application: C:\Users\i058967\address-manager\application\target\apache-tomee\webapps\ROOT
Nov 28, 2018 10:53:37 AM org.apache.openejb.config.ConfigurationFactory configureService
INFO: Configuring Service(id=Default Managed Container, type=Container, provider-id=Default Managed Container)
Nov 28, 2018 10:53:37 AM org.apache.openejb.config.AutoConfig createContainer
INFO: Auto-creating a container for bean .Comp1997736831: Container(type=MANAGED, id=Default Managed Container)
Nov 28, 2018 10:53:37 AM org.apache.openejb.assembler.classic.Assembler createRecipe
INFO: Creating Container(id=Default Managed Container)
Nov 28, 2018 10:53:37 AM org.apache.openejb.core.managed.SimplePassivater init
INFO: Using directory C:\Users\i058967\address-manager\application\target\apache-tomee\temp for stateful session passivation
Nov 28, 2018 10:53:37 AM org.apache.openejb.config.AppInfoBuilder build
INFO: Enterprise application "C:\Users\i058967\address-manager\application\target\apache-tomee\webapps\ROOT" loaded.
Nov 28, 2018 10:53:37 AM org.apache.openejb.assembler.classic.Assembler createApplication
INFO: Assembling app: C:\Users\i058967\address-manager\application\target\apache-tomee\webapps\ROOT
Nov 28, 2018 10:53:38 AM org.apache.openejb.cdi.CdiBuilder initSingleton
INFO: Existing thread singleton service in SystemInstance(): org.apache.openejb.cdi.ThreadSingletonServiceImpl@51b279c9
Nov 28, 2018 10:53:38 AM org.apache.openejb.cdi.OpenEJBLifecycle startApplication
INFO: OpenWebBeans Container is starting...
Nov 28, 2018 10:53:38 AM org.apache.webbeans.plugins.PluginLoader startUp
INFO: Adding OpenWebBeansPlugin : [CdiPlugin]
Nov 28, 2018 10:53:38 AM org.apache.webbeans.plugins.PluginLoader startUp
INFO: Adding OpenWebBeansPlugin : [OpenWebBeansJsfPlugin]
Nov 28, 2018 10:53:45 AM org.apache.webbeans.config.BeansDeployer deploySingleAnnotatedType
INFO: Skipping deployment of Class class com.sap.cloud.sdk.cloudplatform.auditlog.ScpCfAuditLogdue to a NoClassDefFoundError: com/sap/xs/audit/api/AuditLogMessage
Nov 28, 2018 10:53:48 AM org.apache.webbeans.config.BeansDeployer validateInjectionPoints
INFO: All injection points were validated successfully.
Nov 28, 2018 10:53:48 AM org.apache.openejb.cdi.OpenEJBLifecycle startApplication
INFO: OpenWebBeans Container has started, it took 10558 ms.
Nov 28, 2018 10:53:49 AM org.apache.openejb.assembler.classic.Assembler createApplication
INFO: Deployed Application(path=C:\Users\i058967\address-manager\application\target\apache-tomee\webapps\ROOT)
Nov 28, 2018 10:53:51 AM org.apache.catalina.startup.HostConfig deployWAR
INFO: Deployment of web application archive C:\Users\i058967\address-manager\application\target\apache-tomee\webapps\ROOT.war has finished in 17,339 ms
Nov 28, 2018 10:53:51 AM org.apache.coyote.AbstractProtocol start
INFO: Starting ProtocolHandler ["http-bio-8080"]
Nov 28, 2018 10:53:51 AM org.apache.coyote.AbstractProtocol start
INFO: Starting ProtocolHandler ["ajp-bio-8009"]
Nov 28, 2018 10:53:51 AM org.apache.catalina.startup.Catalina start
INFO: Server startup in 17551 ms
Nov 28, 2018 1:54:57 PM org.apache.catalina.startup.VersionLoggerListener log
INFO: Server version:        Apache Tomcat (TomEE)/7.0.81 (1.7.5)
Nov 28, 2018 1:54:57 PM org.apache.catalina.startup.VersionLoggerListener log
INFO: Server built:          Aug 11 2017 10:21:27 UTC
Nov 28, 2018 1:54:57 PM org.apache.catalina.startup.VersionLoggerListener log
INFO: Server number:         7.0.81.0
Nov 28, 2018 1:54:57 PM org.apache.catalina.startup.VersionLoggerListener log
INFO: OS Name:               Windows 10
Nov 28, 2018 1:54:57 PM org.apache.catalina.startup.VersionLoggerListener log
INFO: OS Version:            10.0
Nov 28, 2018 1:54:57 PM org.apache.catalina.startup.VersionLoggerListener log
INFO: Architecture:          amd64
Nov 28, 2018 1:54:57 PM org.apache.catalina.startup.VersionLoggerListener log
INFO: Java Home:             C:\Program Files\Java\jdk1.8.0_191\jre
Nov 28, 2018 1:54:57 PM org.apache.catalina.startup.VersionLoggerListener log
INFO: JVM Version:           1.8.0_191-b12
Nov 28, 2018 1:54:57 PM org.apache.catalina.startup.VersionLoggerListener log
INFO: JVM Vendor:            Oracle Corporation
Nov 28, 2018 1:54:57 PM org.apache.catalina.startup.VersionLoggerListener log
INFO: CATALINA_BASE:         C:\Users\i058967\address-manager\application\target\apache-tomee
Nov 28, 2018 1:54:57 PM org.apache.catalina.startup.VersionLoggerListener log
INFO: CATALINA_HOME:         C:\Users\i058967\address-manager\application\target\apache-tomee
Nov 28, 2018 1:54:57 PM org.apache.catalina.startup.VersionLoggerListener log
INFO: Command line argument: -XX:+HeapDumpOnOutOfMemoryError
Nov 28, 2018 1:54:57 PM org.apache.catalina.startup.VersionLoggerListener log
INFO: Command line argument: -Dorg.apache.catalina.STRICT_SERVLET_COMPLIANCE=false
Nov 28, 2018 1:54:57 PM org.apache.catalina.startup.VersionLoggerListener log
INFO: Command line argument: -Dopenejb.session.manager=org.apache.tomee.catalina.session.QuickSessionManager
Nov 28, 2018 1:54:57 PM org.apache.catalina.startup.VersionLoggerListener log
INFO: Command line argument: -Dtomee.remote.support=true
Nov 28, 2018 1:54:57 PM org.apache.catalina.startup.VersionLoggerListener log
INFO: Command line argument: -Dopenejb.system.apps=false
Nov 28, 2018 1:54:57 PM org.apache.catalina.startup.VersionLoggerListener log
INFO: Command line argument: -Djava.util.logging.config.file=C:\Users\i058967\address-manager\application\target\apache-tomee\conf\logging.properties
Nov 28, 2018 1:54:57 PM org.apache.catalina.startup.VersionLoggerListener log
INFO: Command line argument: -javaagent:C:\Users\i058967\address-manager\application\target\apache-tomee\lib\openejb-javaagent.jar
Nov 28, 2018 1:54:57 PM org.apache.catalina.startup.VersionLoggerListener log
INFO: Command line argument: -Djava.util.logging.manager=org.apache.juli.ClassLoaderLogManager
Nov 28, 2018 1:54:57 PM org.apache.catalina.startup.VersionLoggerListener log
INFO: Command line argument: -Djava.io.tmpdir=C:\Users\i058967\address-manager\application\target\apache-tomee\temp
Nov 28, 2018 1:54:57 PM org.apache.catalina.startup.VersionLoggerListener log
INFO: Command line argument: -Djava.endorsed.dirs=C:\Users\i058967\address-manager\application\target\apache-tomee\endorsed
Nov 28, 2018 1:54:57 PM org.apache.catalina.startup.VersionLoggerListener log
INFO: Command line argument: -Dcatalina.base=C:\Users\i058967\address-manager\application\target\apache-tomee
Nov 28, 2018 1:54:57 PM org.apache.catalina.startup.VersionLoggerListener log
INFO: Command line argument: -Dcatalina.home=C:\Users\i058967\address-manager\application\target\apache-tomee
Nov 28, 2018 1:54:57 PM org.apache.catalina.startup.VersionLoggerListener log
INFO: Command line argument: -Dcatalina.ext.dirs=C:\Users\i058967\address-manager\application\target\apache-tomee\lib
Nov 28, 2018 1:54:57 PM org.apache.catalina.startup.VersionLoggerListener log
INFO: Command line argument: -Dorg.apache.tomcat.util.http.ServerCookie.ALLOW_HTTP_SEPARATORS_IN_V0=true
Nov 28, 2018 1:54:57 PM org.apache.catalina.startup.VersionLoggerListener log
INFO: Command line argument: -ea
Nov 28, 2018 1:54:57 PM org.apache.catalina.core.AprLifecycleListener lifecycleEvent
INFO: The APR based Apache Tomcat Native library which allows optimal performance in production environments was not found on the java.library.path: C:\Program Files\Java\jdk1.8.0_191\jre\bin;C:\WINDOWS\Sun\Java\bin;C:\WINDOWS\system32;C:\WINDOWS;C:\Program Files (x86)\Common Files\Oracle\Java\javapath;C:\ProgramData\Oracle\Java\javapath;C:\WINDOWS\system32;C:\WINDOWS;C:\WINDOWS\System32\Wbem;C:\WINDOWS\System32\WindowsPowerShell\v1.0\;C:\Users\i058967\AppData\Roaming\Cloud Foundry;C:\Users\i058967\AppData\Local\Microsoft\WindowsApps;C:\Program Files\Apache\apache-maven-3.6.0\bin;;.
Nov 28, 2018 1:54:57 PM org.apache.catalina.startup.HostConfig undeploy
INFO: Undeploying context []
Nov 28, 2018 1:54:58 PM org.apache.openejb.assembler.classic.Assembler destroyApplication
INFO: Undeploying app: C:\Users\i058967\address-manager\application\target\apache-tomee\webapps\ROOT
Nov 28, 2018 1:54:58 PM org.apache.openejb.util.OptionsLog info
INFO: Using 'openjpa.Log=org.apache.openejb.openjpa.JULOpenJPALogFactory'
Nov 28, 2018 1:54:58 PM org.apache.openejb.assembler.classic.Assembler destroyApplication
INFO: Undeployed app: C:\Users\i058967\address-manager\application\target\apache-tomee\webapps\ROOT
Nov 28, 2018 1:54:58 PM org.apache.catalina.loader.WebappClassLoaderBase checkThreadLocalMapForLeaks
SEVERE: The web application [] created a ThreadLocal with key of type [com.netflix.hystrix.Hystrix$1] (value [com.netflix.hystrix.Hystrix$1@2e9ccaa1]) and a value of type [com.netflix.hystrix.Hystrix.ConcurrentStack] (value [com.netflix.hystrix.Hystrix$ConcurrentStack@41533325]) but failed to remove it when the web application was stopped. Threads are going to be renewed over time to try and avoid a probable memory leak.
Nov 28, 2018 1:54:58 PM org.apache.catalina.loader.WebappClassLoaderBase checkThreadLocalMapForLeaks
SEVERE: The web application [] created a ThreadLocal with key of type [java.lang.ThreadLocal] (value [java.lang.ThreadLocal@3f2bc017]) and a value of type [com.netflix.hystrix.strategy.concurrency.HystrixRequestContext] (value [com.netflix.hystrix.strategy.concurrency.HystrixRequestContext@7aa70bed]) but failed to remove it when the web application was stopped. Threads are going to be renewed over time to try and avoid a probable memory leak.
Nov 28, 2018 1:54:58 PM org.apache.catalina.loader.WebappClassLoaderBase checkThreadLocalMapForLeaks
SEVERE: The web application [] created a ThreadLocal with key of type [java.lang.ThreadLocal] (value [java.lang.ThreadLocal@3f2bc017]) and a value of type [com.netflix.hystrix.strategy.concurrency.HystrixRequestContext] (value [com.netflix.hystrix.strategy.concurrency.HystrixRequestContext@6a34d8a0]) but failed to remove it when the web application was stopped. Threads are going to be renewed over time to try and avoid a probable memory leak.
Nov 28, 2018 1:54:58 PM org.apache.coyote.AbstractProtocol init
INFO: Initializing ProtocolHandler ["http-bio-8080"]
Nov 28, 2018 1:54:58 PM org.apache.coyote.AbstractProtocol init
SEVERE: Failed to initialize end point associated with ProtocolHandler ["http-bio-8080"]
java.net.BindException: Address already in use: JVM_Bind <null>:8080
	at org.apache.tomcat.util.net.JIoEndpoint.bind(JIoEndpoint.java:413)
	at org.apache.tomcat.util.net.AbstractEndpoint.init(AbstractEndpoint.java:728)
	at org.apache.coyote.AbstractProtocol.init(AbstractProtocol.java:452)
	at org.apache.coyote.http11.AbstractHttp11JsseProtocol.init(AbstractHttp11JsseProtocol.java:119)
	at org.apache.catalina.connector.Connector.initInternal(Connector.java:978)
	at org.apache.catalina.util.LifecycleBase.init(LifecycleBase.java:102)
	at org.apache.catalina.core.StandardService.initInternal(StandardService.java:560)
	at org.apache.catalina.util.LifecycleBase.init(LifecycleBase.java:102)
	at org.apache.catalina.core.StandardServer.initInternal(StandardServer.java:840)
	at org.apache.catalina.util.LifecycleBase.init(LifecycleBase.java:102)
	at org.apache.catalina.startup.Catalina.load(Catalina.java:643)
	at org.apache.catalina.startup.Catalina.load(Catalina.java:668)
	at sun.reflect.NativeMethodAccessorImpl.invoke0(Native Method)
	at sun.reflect.NativeMethodAccessorImpl.invoke(NativeMethodAccessorImpl.java:62)
	at sun.reflect.DelegatingMethodAccessorImpl.invoke(DelegatingMethodAccessorImpl.java:43)
	at java.lang.reflect.Method.invoke(Method.java:498)
	at org.apache.catalina.startup.Bootstrap.load(Bootstrap.java:253)
	at org.apache.catalina.startup.Bootstrap.main(Bootstrap.java:427)
Caused by: java.net.BindException: Address already in use: JVM_Bind
	at java.net.DualStackPlainSocketImpl.bind0(Native Method)
	at java.net.DualStackPlainSocketImpl.socketBind(DualStackPlainSocketImpl.java:106)
	at java.net.AbstractPlainSocketImpl.bind(AbstractPlainSocketImpl.java:387)
	at java.net.PlainSocketImpl.bind(PlainSocketImpl.java:190)
	at java.net.ServerSocket.bind(ServerSocket.java:375)
	at java.net.ServerSocket.<init>(ServerSocket.java:237)
	at java.net.ServerSocket.<init>(ServerSocket.java:181)
	at org.apache.tomcat.util.net.DefaultServerSocketFactory.createSocket(DefaultServerSocketFactory.java:49)
	at org.apache.tomcat.util.net.JIoEndpoint.bind(JIoEndpoint.java:400)
	... 17 more

Nov 28, 2018 1:54:58 PM org.apache.catalina.core.StandardService initInternal
SEVERE: Failed to initialize connector [Connector[HTTP/1.1-8080]]
org.apache.catalina.LifecycleException: Failed to initialize component [Connector[HTTP/1.1-8080]]
	at org.apache.catalina.util.LifecycleBase.init(LifecycleBase.java:107)
	at org.apache.catalina.core.StandardService.initInternal(StandardService.java:560)
	at org.apache.catalina.util.LifecycleBase.init(LifecycleBase.java:102)
	at org.apache.catalina.core.StandardServer.initInternal(StandardServer.java:840)
	at org.apache.catalina.util.LifecycleBase.init(LifecycleBase.java:102)
	at org.apache.catalina.startup.Catalina.load(Catalina.java:643)
	at org.apache.catalina.startup.Catalina.load(Catalina.java:668)
	at sun.reflect.NativeMethodAccessorImpl.invoke0(Native Method)
	at sun.reflect.NativeMethodAccessorImpl.invoke(NativeMethodAccessorImpl.java:62)
	at sun.reflect.DelegatingMethodAccessorImpl.invoke(DelegatingMethodAccessorImpl.java:43)
	at java.lang.reflect.Method.invoke(Method.java:498)
	at org.apache.catalina.startup.Bootstrap.load(Bootstrap.java:253)
	at org.apache.catalina.startup.Bootstrap.main(Bootstrap.java:427)
Caused by: org.apache.catalina.LifecycleException: Protocol handler initialization failed
	at org.apache.catalina.connector.Connector.initInternal(Connector.java:980)
	at org.apache.catalina.util.LifecycleBase.init(LifecycleBase.java:102)
	... 12 more
Caused by: java.net.BindException: Address already in use: JVM_Bind <null>:8080
	at org.apache.tomcat.util.net.JIoEndpoint.bind(JIoEndpoint.java:413)
	at org.apache.tomcat.util.net.AbstractEndpoint.init(AbstractEndpoint.java:728)
	at org.apache.coyote.AbstractProtocol.init(AbstractProtocol.java:452)
	at org.apache.coyote.http11.AbstractHttp11JsseProtocol.init(AbstractHttp11JsseProtocol.java:119)
	at org.apache.catalina.connector.Connector.initInternal(Connector.java:978)
	... 13 more
Caused by: java.net.BindException: Address already in use: JVM_Bind
	at java.net.DualStackPlainSocketImpl.bind0(Native Method)
	at java.net.DualStackPlainSocketImpl.socketBind(DualStackPlainSocketImpl.java:106)
	at java.net.AbstractPlainSocketImpl.bind(AbstractPlainSocketImpl.java:387)
	at java.net.PlainSocketImpl.bind(PlainSocketImpl.java:190)
	at java.net.ServerSocket.bind(ServerSocket.java:375)
	at java.net.ServerSocket.<init>(ServerSocket.java:237)
	at java.net.ServerSocket.<init>(ServerSocket.java:181)
	at org.apache.tomcat.util.net.DefaultServerSocketFactory.createSocket(DefaultServerSocketFactory.java:49)
	at org.apache.tomcat.util.net.JIoEndpoint.bind(JIoEndpoint.java:400)
	... 17 more

Nov 28, 2018 1:54:58 PM org.apache.coyote.AbstractProtocol init
INFO: Initializing ProtocolHandler ["ajp-bio-8009"]
Nov 28, 2018 1:54:58 PM org.apache.coyote.AbstractProtocol init
SEVERE: Failed to initialize end point associated with ProtocolHandler ["ajp-bio-8009"]
java.net.BindException: Address already in use: JVM_Bind <null>:8009
	at org.apache.tomcat.util.net.JIoEndpoint.bind(JIoEndpoint.java:413)
	at org.apache.tomcat.util.net.AbstractEndpoint.init(AbstractEndpoint.java:728)
	at org.apache.coyote.AbstractProtocol.init(AbstractProtocol.java:452)
	at org.apache.catalina.connector.Connector.initInternal(Connector.java:978)
	at org.apache.catalina.util.LifecycleBase.init(LifecycleBase.java:102)
	at org.apache.catalina.core.StandardService.initInternal(StandardService.java:560)
	at org.apache.catalina.util.LifecycleBase.init(LifecycleBase.java:102)
	at org.apache.catalina.core.StandardServer.initInternal(StandardServer.java:840)
	at org.apache.catalina.util.LifecycleBase.init(LifecycleBase.java:102)
	at org.apache.catalina.startup.Catalina.load(Catalina.java:643)
	at org.apache.catalina.startup.Catalina.load(Catalina.java:668)
	at sun.reflect.NativeMethodAccessorImpl.invoke0(Native Method)
	at sun.reflect.NativeMethodAccessorImpl.invoke(NativeMethodAccessorImpl.java:62)
	at sun.reflect.DelegatingMethodAccessorImpl.invoke(DelegatingMethodAccessorImpl.java:43)
	at java.lang.reflect.Method.invoke(Method.java:498)
	at org.apache.catalina.startup.Bootstrap.load(Bootstrap.java:253)
	at org.apache.catalina.startup.Bootstrap.main(Bootstrap.java:427)
Caused by: java.net.BindException: Address already in use: JVM_Bind
	at java.net.DualStackPlainSocketImpl.bind0(Native Method)
	at java.net.DualStackPlainSocketImpl.socketBind(DualStackPlainSocketImpl.java:106)
	at java.net.AbstractPlainSocketImpl.bind(AbstractPlainSocketImpl.java:387)
	at java.net.PlainSocketImpl.bind(PlainSocketImpl.java:190)
	at java.net.ServerSocket.bind(ServerSocket.java:375)
	at java.net.ServerSocket.<init>(ServerSocket.java:237)
	at java.net.ServerSocket.<init>(ServerSocket.java:181)
	at org.apache.tomcat.util.net.DefaultServerSocketFactory.createSocket(DefaultServerSocketFactory.java:49)
	at org.apache.tomcat.util.net.JIoEndpoint.bind(JIoEndpoint.java:400)
	... 16 more

Nov 28, 2018 1:54:58 PM org.apache.catalina.core.StandardService initInternal
SEVERE: Failed to initialize connector [Connector[AJP/1.3-8009]]
org.apache.catalina.LifecycleException: Failed to initialize component [Connector[AJP/1.3-8009]]
	at org.apache.catalina.util.LifecycleBase.init(LifecycleBase.java:107)
	at org.apache.catalina.core.StandardService.initInternal(StandardService.java:560)
	at org.apache.catalina.util.LifecycleBase.init(LifecycleBase.java:102)
	at org.apache.catalina.core.StandardServer.initInternal(StandardServer.java:840)
	at org.apache.catalina.util.LifecycleBase.init(LifecycleBase.java:102)
	at org.apache.catalina.startup.Catalina.load(Catalina.java:643)
	at org.apache.catalina.startup.Catalina.load(Catalina.java:668)
	at sun.reflect.NativeMethodAccessorImpl.invoke0(Native Method)
	at sun.reflect.NativeMethodAccessorImpl.invoke(NativeMethodAccessorImpl.java:62)
	at sun.reflect.DelegatingMethodAccessorImpl.invoke(DelegatingMethodAccessorImpl.java:43)
	at java.lang.reflect.Method.invoke(Method.java:498)
	at org.apache.catalina.startup.Bootstrap.load(Bootstrap.java:253)
	at org.apache.catalina.startup.Bootstrap.main(Bootstrap.java:427)
Caused by: org.apache.catalina.LifecycleException: Protocol handler initialization failed
	at org.apache.catalina.connector.Connector.initInternal(Connector.java:980)
	at org.apache.catalina.util.LifecycleBase.init(LifecycleBase.java:102)
	... 12 more
Caused by: java.net.BindException: Address already in use: JVM_Bind <null>:8009
	at org.apache.tomcat.util.net.JIoEndpoint.bind(JIoEndpoint.java:413)
	at org.apache.tomcat.util.net.AbstractEndpoint.init(AbstractEndpoint.java:728)
	at org.apache.coyote.AbstractProtocol.init(AbstractProtocol.java:452)
	at org.apache.catalina.connector.Connector.initInternal(Connector.java:978)
	... 13 more
Caused by: java.net.BindException: Address already in use: JVM_Bind
	at java.net.DualStackPlainSocketImpl.bind0(Native Method)
	at java.net.DualStackPlainSocketImpl.socketBind(DualStackPlainSocketImpl.java:106)
	at java.net.AbstractPlainSocketImpl.bind(AbstractPlainSocketImpl.java:387)
	at java.net.PlainSocketImpl.bind(PlainSocketImpl.java:190)
	at java.net.ServerSocket.bind(ServerSocket.java:375)
	at java.net.ServerSocket.<init>(ServerSocket.java:237)
	at java.net.ServerSocket.<init>(ServerSocket.java:181)
	at org.apache.tomcat.util.net.DefaultServerSocketFactory.createSocket(DefaultServerSocketFactory.java:49)
	at org.apache.tomcat.util.net.JIoEndpoint.bind(JIoEndpoint.java:400)
	... 16 more

Nov 28, 2018 1:55:00 PM org.apache.catalina.startup.HostConfig deployWAR
INFO: Deploying web application archive C:\Users\i058967\address-manager\application\target\apache-tomee\webapps\ROOT.war
Nov 28, 2018 1:55:00 PM org.apache.tomee.catalina.TomcatWebAppBuilder init
INFO: ------------------------- localhost -> /
Nov 28, 2018 1:55:00 PM org.apache.openejb.util.JarExtractor extract
INFO: Extracting jar: C:\Users\i058967\address-manager\application\target\apache-tomee\webapps\ROOT.war
Nov 28, 2018 1:55:00 PM org.apache.openejb.util.OptionsLog info
INFO: Using 'tomee.remote.support=true'
Nov 28, 2018 1:55:00 PM org.apache.openejb.util.OptionsLog info
INFO: Using 'openejb.jdbc.datasource-creator=org.apache.tomee.jdbc.TomEEDataSourceCreator'
Nov 28, 2018 1:55:00 PM org.apache.openejb.OpenEJB$Instance <init>
INFO: ********************************************************************************
Nov 28, 2018 1:55:00 PM org.apache.openejb.OpenEJB$Instance <init>
INFO: OpenEJB http://tomee.apache.org/
Nov 28, 2018 1:55:00 PM org.apache.openejb.OpenEJB$Instance <init>
INFO: Startup: Wed Nov 28 13:55:00 SGT 2018
Nov 28, 2018 1:55:00 PM org.apache.openejb.OpenEJB$Instance <init>
INFO: Copyright 1999-2015 (C) Apache OpenEJB/TomEE Project, All Rights Reserved.
Nov 28, 2018 1:55:00 PM org.apache.openejb.OpenEJB$Instance <init>
INFO: Version: 4.7.5
Nov 28, 2018 1:55:00 PM org.apache.openejb.OpenEJB$Instance <init>
INFO: Build date: 20170927
Nov 28, 2018 1:55:00 PM org.apache.openejb.OpenEJB$Instance <init>
INFO: Build time: 12:02
Nov 28, 2018 1:55:00 PM org.apache.openejb.OpenEJB$Instance <init>
INFO: ********************************************************************************
Nov 28, 2018 1:55:00 PM org.apache.openejb.OpenEJB$Instance <init>
INFO: openejb.home = C:\Users\i058967\address-manager\application\target\apache-tomee
Nov 28, 2018 1:55:00 PM org.apache.openejb.OpenEJB$Instance <init>
INFO: openejb.base = C:\Users\i058967\address-manager\application\target\apache-tomee
Nov 28, 2018 1:55:00 PM org.apache.openejb.cdi.CdiBuilder initializeOWB
INFO: Created new singletonService org.apache.openejb.cdi.ThreadSingletonServiceImpl@140e5a13
Nov 28, 2018 1:55:00 PM org.apache.openejb.cdi.CdiBuilder initializeOWB
INFO: Succeeded in installing singleton service
Nov 28, 2018 1:55:00 PM org.apache.openejb.config.ConfigurationFactory init
INFO: openejb configuration file is 'C:\Users\i058967\address-manager\application\target\apache-tomee\conf\tomee.xml'
Nov 28, 2018 1:55:00 PM org.apache.openejb.config.ConfigurationFactory configureService
INFO: Configuring Service(id=Tomcat Security Service, type=SecurityService, provider-id=Tomcat Security Service)
Nov 28, 2018 1:55:00 PM org.apache.openejb.config.ConfigurationFactory configureService
INFO: Configuring Service(id=Default Transaction Manager, type=TransactionManager, provider-id=Default Transaction Manager)
Nov 28, 2018 1:55:00 PM org.apache.openejb.util.OptionsLog info
INFO: Using 'openejb.system.apps=false'
Nov 28, 2018 1:55:00 PM org.apache.openejb.util.OptionsLog info
INFO: Using 'openejb.deployments.classpath=false'
Nov 28, 2018 1:55:00 PM org.apache.openejb.assembler.classic.Assembler createRecipe
INFO: Creating TransactionManager(id=Default Transaction Manager)
Nov 28, 2018 1:55:01 PM org.apache.openejb.assembler.classic.Assembler createRecipe
INFO: Creating SecurityService(id=Tomcat Security Service)
Nov 28, 2018 1:55:01 PM org.apache.openejb.server.ServiceManager initServer
INFO: Creating ServerService(id=cxf-rs)
Nov 28, 2018 1:55:01 PM org.apache.openejb.server.SimpleServiceManager start
INFO:   ** Bound Services **
Nov 28, 2018 1:55:01 PM org.apache.openejb.server.SimpleServiceManager printRow
INFO:   NAME                 IP              PORT  
Nov 28, 2018 1:55:01 PM org.apache.openejb.server.SimpleServiceManager start
INFO: -------
Nov 28, 2018 1:55:01 PM org.apache.openejb.server.SimpleServiceManager start
INFO: Ready!
Nov 28, 2018 1:55:01 PM org.apache.catalina.startup.Catalina load
INFO: Initialization processed in 5174 ms
Nov 28, 2018 1:55:02 PM org.apache.tomee.catalina.OpenEJBNamingContextListener bindResource
INFO: Importing a Tomcat Resource with id 'UserDatabase' of type 'org.apache.catalina.UserDatabase'.
Nov 28, 2018 1:55:02 PM org.apache.openejb.assembler.classic.Assembler createRecipe
INFO: Creating Resource(id=UserDatabase)
Nov 28, 2018 1:55:02 PM org.apache.catalina.core.StandardService startInternal
INFO: Starting service Catalina
Nov 28, 2018 1:55:02 PM org.apache.catalina.core.StandardEngine startInternal
INFO: Starting Servlet Engine: Apache Tomcat (TomEE)/7.0.81 (1.7.5)
Nov 28, 2018 1:55:02 PM org.apache.catalina.startup.HostConfig deployWAR
INFO: Deploying web application archive C:\Users\i058967\address-manager\application\target\apache-tomee\webapps\ROOT.war
Nov 28, 2018 1:55:02 PM org.apache.tomee.catalina.TomcatWebAppBuilder init
INFO: ------------------------- localhost -> /
Nov 28, 2018 1:55:02 PM org.apache.openejb.util.OptionsLog info
INFO: Using 'openejb.session.manager=org.apache.tomee.catalina.session.QuickSessionManager'
Nov 28, 2018 1:55:02 PM org.apache.openejb.util.JarExtractor extract
INFO: Extracted path: C:\Users\i058967\address-manager\application\target\apache-tomee\webapps\ROOT
Nov 28, 2018 1:55:02 PM org.apache.openejb.util.OptionsLog info
INFO: Using 'openejb.session.manager=org.apache.tomee.catalina.session.QuickSessionManager'
Nov 28, 2018 1:55:08 PM org.apache.openejb.config.ConfigurationFactory configureApplication
INFO: Configuring enterprise application: C:\Users\i058967\address-manager\application\target\apache-tomee\webapps\ROOT
Nov 28, 2018 1:55:09 PM org.apache.openejb.config.ConfigurationFactory configureApplication
INFO: Configuring enterprise application: C:\Users\i058967\address-manager\application\target\apache-tomee\webapps\ROOT
Nov 28, 2018 1:55:09 PM org.apache.openejb.config.ConfigurationFactory configureService
INFO: Configuring Service(id=Default Managed Container, type=Container, provider-id=Default Managed Container)
Nov 28, 2018 1:55:09 PM org.apache.openejb.config.AutoConfig createContainer
INFO: Auto-creating a container for bean .Comp1144391403: Container(type=MANAGED, id=Default Managed Container)
Nov 28, 2018 1:55:09 PM org.apache.openejb.assembler.classic.Assembler createRecipe
INFO: Creating Container(id=Default Managed Container)
Nov 28, 2018 1:55:09 PM org.apache.openejb.core.managed.SimplePassivater init
INFO: Using directory C:\Users\i058967\address-manager\application\target\apache-tomee\temp for stateful session passivation
Nov 28, 2018 1:55:09 PM org.apache.openejb.config.AppInfoBuilder build
INFO: Enterprise application "C:\Users\i058967\address-manager\application\target\apache-tomee\webapps\ROOT" loaded.
Nov 28, 2018 1:55:10 PM org.apache.openejb.config.AppInfoBuilder build
INFO: Enterprise application "C:\Users\i058967\address-manager\application\target\apache-tomee\webapps\ROOT" loaded.
Nov 28, 2018 1:55:10 PM org.apache.openejb.assembler.classic.Assembler createApplication
INFO: Assembling app: C:\Users\i058967\address-manager\application\target\apache-tomee\webapps\ROOT
Nov 28, 2018 1:55:10 PM org.apache.openejb.cdi.CdiBuilder initSingleton
INFO: Existing thread singleton service in SystemInstance(): org.apache.openejb.cdi.ThreadSingletonServiceImpl@51b279c9
Nov 28, 2018 1:55:10 PM org.apache.openejb.assembler.classic.Assembler createApplication
INFO: Assembling app: C:\Users\i058967\address-manager\application\target\apache-tomee\webapps\ROOT
Nov 28, 2018 1:55:10 PM org.apache.openejb.cdi.OpenEJBLifecycle startApplication
INFO: OpenWebBeans Container is starting...
Nov 28, 2018 1:55:10 PM org.apache.openejb.cdi.CdiBuilder initSingleton
INFO: Existing thread singleton service in SystemInstance(): org.apache.openejb.cdi.ThreadSingletonServiceImpl@140e5a13
Nov 28, 2018 1:55:10 PM org.apache.openejb.cdi.OpenEJBLifecycle startApplication
INFO: OpenWebBeans Container is starting...
Nov 28, 2018 1:55:10 PM org.apache.webbeans.plugins.PluginLoader startUp
INFO: Adding OpenWebBeansPlugin : [CdiPlugin]
Nov 28, 2018 1:55:10 PM org.apache.webbeans.plugins.PluginLoader startUp
INFO: Adding OpenWebBeansPlugin : [OpenWebBeansJsfPlugin]
Nov 28, 2018 1:55:22 PM org.apache.openejb.assembler.classic.Assembler destroyApplication
INFO: Undeploying app: C:\Users\i058967\address-manager\application\target\apache-tomee\webapps\ROOT
Nov 28, 2018 1:55:22 PM org.apache.catalina.core.ContainerBase removeChild
SEVERE: ContainerBase.removeChild: destroy: 
org.apache.catalina.LifecycleException: An invalid Lifecycle transition was attempted ([before_destroy]) for component [StandardEngine[Catalina].StandardHost[localhost].StandardContext[]] in state [STARTING_PREP]
	at org.apache.catalina.util.LifecycleBase.invalidTransition(LifecycleBase.java:395)
	at org.apache.catalina.util.LifecycleBase.destroy(LifecycleBase.java:287)
	at org.apache.catalina.core.ContainerBase.removeChild(ContainerBase.java:1140)
	at org.apache.tomee.catalina.TomcatWebAppBuilder.undeploy(TomcatWebAppBuilder.java:1537)
	at org.apache.tomee.catalina.TomcatWebAppBuilder.undeploy(TomcatWebAppBuilder.java:1518)
	at org.apache.tomee.catalina.TomcatWebAppBuilder.undeployWebApps(TomcatWebAppBuilder.java:762)
	at org.apache.openejb.assembler.classic.Assembler.destroyApplication(Assembler.java:2101)
	at org.apache.openejb.assembler.classic.Assembler.createApplication(Assembler.java:849)
	at org.apache.openejb.assembler.classic.Assembler.createApplication(Assembler.java:685)
	at org.apache.tomee.catalina.TomcatWebAppBuilder.startInternal(TomcatWebAppBuilder.java:1261)
	at org.apache.tomee.catalina.TomcatWebAppBuilder.configureStart(TomcatWebAppBuilder.java:1100)
	at org.apache.tomee.catalina.GlobalListenerSupport.lifecycleEvent(GlobalListenerSupport.java:130)
	at org.apache.catalina.util.LifecycleSupport.fireLifecycleEvent(LifecycleSupport.java:117)
	at org.apache.catalina.util.LifecycleBase.fireLifecycleEvent(LifecycleBase.java:90)
	at org.apache.catalina.core.StandardContext.startInternal(StandardContext.java:5519)
	at org.apache.catalina.util.LifecycleBase.start(LifecycleBase.java:145)
	at org.apache.catalina.core.ContainerBase.addChildInternal(ContainerBase.java:1009)
	at org.apache.catalina.core.ContainerBase.addChild(ContainerBase.java:985)
	at org.apache.catalina.core.StandardHost.addChild(StandardHost.java:652)
	at org.apache.catalina.startup.HostConfig.deployWAR(HostConfig.java:1127)
	at org.apache.catalina.startup.HostConfig$DeployWar.run(HostConfig.java:2020)
	at java.util.concurrent.Executors$RunnableAdapter.call(Executors.java:511)
	at java.util.concurrent.FutureTask.run(FutureTask.java:266)
	at java.util.concurrent.ThreadPoolExecutor.runWorker(ThreadPoolExecutor.java:1149)
	at java.util.concurrent.ThreadPoolExecutor$Worker.run(ThreadPoolExecutor.java:624)
	at java.lang.Thread.run(Thread.java:748)

Nov 28, 2018 1:55:23 PM org.apache.openejb.util.OptionsLog info
INFO: Using 'openjpa.Log=org.apache.openejb.openjpa.JULOpenJPALogFactory'
Nov 28, 2018 1:55:23 PM org.apache.openejb.assembler.classic.Assembler destroyApplication
INFO: Undeployed app: C:\Users\i058967\address-manager\application\target\apache-tomee\webapps\ROOT
Nov 28, 2018 1:55:23 PM org.apache.tomee.catalina.TomcatWebAppBuilder startInternal
SEVERE: Unable to deploy collapsed ear in war StandardEngine[Catalina].StandardHost[localhost].StandardContext[]
org.apache.openejb.OpenEJBException: Creating application failed: C:\Users\i058967\address-manager\application\target\apache-tomee\webapps\ROOT: Invalid default: public abstract java.lang.Class com.sap.cloud.sdk.s4hana.datamodel.odata.adapter.ODataField.converter()
	at org.apache.openejb.assembler.classic.Assembler.createApplication(Assembler.java:853)
	at org.apache.openejb.assembler.classic.Assembler.createApplication(Assembler.java:685)
	at org.apache.tomee.catalina.TomcatWebAppBuilder.startInternal(TomcatWebAppBuilder.java:1261)
	at org.apache.tomee.catalina.TomcatWebAppBuilder.configureStart(TomcatWebAppBuilder.java:1100)
	at org.apache.tomee.catalina.GlobalListenerSupport.lifecycleEvent(GlobalListenerSupport.java:130)
	at org.apache.catalina.util.LifecycleSupport.fireLifecycleEvent(LifecycleSupport.java:117)
	at org.apache.catalina.util.LifecycleBase.fireLifecycleEvent(LifecycleBase.java:90)
	at org.apache.catalina.core.StandardContext.startInternal(StandardContext.java:5519)
	at org.apache.catalina.util.LifecycleBase.start(LifecycleBase.java:145)
	at org.apache.catalina.core.ContainerBase.addChildInternal(ContainerBase.java:1009)
	at org.apache.catalina.core.ContainerBase.addChild(ContainerBase.java:985)
	at org.apache.catalina.core.StandardHost.addChild(StandardHost.java:652)
	at org.apache.catalina.startup.HostConfig.deployWAR(HostConfig.java:1127)
	at org.apache.catalina.startup.HostConfig$DeployWar.run(HostConfig.java:2020)
	at java.util.concurrent.Executors$RunnableAdapter.call(Executors.java:511)
	at java.util.concurrent.FutureTask.run(FutureTask.java:266)
	at java.util.concurrent.ThreadPoolExecutor.runWorker(ThreadPoolExecutor.java:1149)
	at java.util.concurrent.ThreadPoolExecutor$Worker.run(ThreadPoolExecutor.java:624)
	at java.lang.Thread.run(Thread.java:748)
Caused by: java.lang.annotation.AnnotationFormatError: Invalid default: public abstract java.lang.Class com.sap.cloud.sdk.s4hana.datamodel.odata.adapter.ODataField.converter()
	at java.lang.reflect.Method.getDefaultValue(Method.java:612)
	at sun.reflect.annotation.AnnotationType.<init>(AnnotationType.java:132)
	at sun.reflect.annotation.AnnotationType.getInstance(AnnotationType.java:85)
	at sun.reflect.annotation.AnnotationParser.parseAnnotation2(AnnotationParser.java:266)
	at sun.reflect.annotation.AnnotationParser.parseAnnotations2(AnnotationParser.java:120)
	at sun.reflect.annotation.AnnotationParser.parseAnnotations(AnnotationParser.java:72)
	at java.lang.reflect.Field.declaredAnnotations(Field.java:1150)
	at java.lang.reflect.Field.declaredAnnotations(Field.java:1148)
	at java.lang.reflect.Field.getDeclaredAnnotations(Field.java:1139)
	at org.apache.webbeans.portable.AnnotatedFieldImpl.<init>(AnnotatedFieldImpl.java:49)
	at org.apache.webbeans.portable.AnnotatedTypeImpl$State.<init>(AnnotatedTypeImpl.java:228)
	at org.apache.webbeans.portable.AnnotatedTypeImpl$State.<init>(AnnotatedTypeImpl.java:168)
	at org.apache.webbeans.portable.AnnotatedTypeImpl.getState(AnnotatedTypeImpl.java:159)
	at org.apache.webbeans.portable.AnnotatedTypeImpl.getConstructors(AnnotatedTypeImpl.java:114)
	at org.apache.webbeans.inject.impl.InjectionPointFactory.buildInjectionPoints(InjectionPointFactory.java:66)
	at org.apache.webbeans.container.InjectionTargetFactoryImpl.createInjectionPoints(InjectionTargetFactoryImpl.java:67)
	at org.apache.webbeans.container.InjectionTargetFactoryImpl.createInjectionTarget(InjectionTargetFactoryImpl.java:59)
	at org.apache.webbeans.component.InjectionTargetBean.<init>(InjectionTargetBean.java:67)
	at org.apache.webbeans.component.InjectionTargetBean.<init>(InjectionTargetBean.java:51)
	at org.apache.webbeans.component.ManagedBean.<init>(ManagedBean.java:42)
	at org.apache.webbeans.component.creation.ManagedBeanBuilder.getBean(ManagedBeanBuilder.java:62)
	at org.apache.webbeans.config.BeansDeployer.defineManagedBean(BeansDeployer.java:1001)
	at org.apache.webbeans.config.BeansDeployer.deploySingleAnnotatedType(BeansDeployer.java:661)
	at org.apache.webbeans.config.BeansDeployer.deployFromClassPath(BeansDeployer.java:587)
	at org.apache.webbeans.config.BeansDeployer.deploy(BeansDeployer.java:190)
	at org.apache.openejb.cdi.OpenEJBLifecycle.startApplication(OpenEJBLifecycle.java:192)
	at org.apache.openejb.cdi.ThreadSingletonServiceImpl.initialize(ThreadSingletonServiceImpl.java:160)
	at org.apache.openejb.cdi.CdiBuilder.build(CdiBuilder.java:41)
	at org.apache.openejb.assembler.classic.Assembler.createApplication(Assembler.java:785)
	... 18 more

Nov 28, 2018 1:55:23 PM org.apache.catalina.core.ContainerBase addChildInternal
SEVERE: ContainerBase.addChild: start: 
org.apache.catalina.LifecycleException: Failed to start component [StandardEngine[Catalina].StandardHost[localhost].StandardContext[]]
	at org.apache.catalina.util.LifecycleBase.start(LifecycleBase.java:162)
	at org.apache.catalina.core.ContainerBase.addChildInternal(ContainerBase.java:1009)
	at org.apache.catalina.core.ContainerBase.addChild(ContainerBase.java:985)
	at org.apache.catalina.core.StandardHost.addChild(StandardHost.java:652)
	at org.apache.catalina.startup.HostConfig.deployWAR(HostConfig.java:1127)
	at org.apache.catalina.startup.HostConfig$DeployWar.run(HostConfig.java:2020)
	at java.util.concurrent.Executors$RunnableAdapter.call(Executors.java:511)
	at java.util.concurrent.FutureTask.run(FutureTask.java:266)
	at java.util.concurrent.ThreadPoolExecutor.runWorker(ThreadPoolExecutor.java:1149)
	at java.util.concurrent.ThreadPoolExecutor$Worker.run(ThreadPoolExecutor.java:624)
	at java.lang.Thread.run(Thread.java:748)
Caused by: org.apache.tomee.catalina.TomEERuntimeException: org.apache.openejb.OpenEJBException: Creating application failed: C:\Users\i058967\address-manager\application\target\apache-tomee\webapps\ROOT: Invalid default: public abstract java.lang.Class com.sap.cloud.sdk.s4hana.datamodel.odata.adapter.ODataField.converter()
	at org.apache.tomee.catalina.TomcatWebAppBuilder.startInternal(TomcatWebAppBuilder.java:1270)
	at org.apache.tomee.catalina.TomcatWebAppBuilder.configureStart(TomcatWebAppBuilder.java:1100)
	at org.apache.tomee.catalina.GlobalListenerSupport.lifecycleEvent(GlobalListenerSupport.java:130)
	at org.apache.catalina.util.LifecycleSupport.fireLifecycleEvent(LifecycleSupport.java:117)
	at org.apache.catalina.util.LifecycleBase.fireLifecycleEvent(LifecycleBase.java:90)
	at org.apache.catalina.core.StandardContext.startInternal(StandardContext.java:5519)
	at org.apache.catalina.util.LifecycleBase.start(LifecycleBase.java:145)
	... 10 more
Caused by: org.apache.openejb.OpenEJBException: Creating application failed: C:\Users\i058967\address-manager\application\target\apache-tomee\webapps\ROOT: Invalid default: public abstract java.lang.Class com.sap.cloud.sdk.s4hana.datamodel.odata.adapter.ODataField.converter()
	at org.apache.openejb.assembler.classic.Assembler.createApplication(Assembler.java:853)
	at org.apache.openejb.assembler.classic.Assembler.createApplication(Assembler.java:685)
	at org.apache.tomee.catalina.TomcatWebAppBuilder.startInternal(TomcatWebAppBuilder.java:1261)
	... 16 more
Caused by: java.lang.annotation.AnnotationFormatError: Invalid default: public abstract java.lang.Class com.sap.cloud.sdk.s4hana.datamodel.odata.adapter.ODataField.converter()
	at java.lang.reflect.Method.getDefaultValue(Method.java:612)
	at sun.reflect.annotation.AnnotationType.<init>(AnnotationType.java:132)
	at sun.reflect.annotation.AnnotationType.getInstance(AnnotationType.java:85)
	at sun.reflect.annotation.AnnotationParser.parseAnnotation2(AnnotationParser.java:266)
	at sun.reflect.annotation.AnnotationParser.parseAnnotations2(AnnotationParser.java:120)
	at sun.reflect.annotation.AnnotationParser.parseAnnotations(AnnotationParser.java:72)
	at java.lang.reflect.Field.declaredAnnotations(Field.java:1150)
	at java.lang.reflect.Field.declaredAnnotations(Field.java:1148)
	at java.lang.reflect.Field.getDeclaredAnnotations(Field.java:1139)
	at org.apache.webbeans.portable.AnnotatedFieldImpl.<init>(AnnotatedFieldImpl.java:49)
	at org.apache.webbeans.portable.AnnotatedTypeImpl$State.<init>(AnnotatedTypeImpl.java:228)
	at org.apache.webbeans.portable.AnnotatedTypeImpl$State.<init>(AnnotatedTypeImpl.java:168)
	at org.apache.webbeans.portable.AnnotatedTypeImpl.getState(AnnotatedTypeImpl.java:159)
	at org.apache.webbeans.portable.AnnotatedTypeImpl.getConstructors(AnnotatedTypeImpl.java:114)
	at org.apache.webbeans.inject.impl.InjectionPointFactory.buildInjectionPoints(InjectionPointFactory.java:66)
	at org.apache.webbeans.container.InjectionTargetFactoryImpl.createInjectionPoints(InjectionTargetFactoryImpl.java:67)
	at org.apache.webbeans.container.InjectionTargetFactoryImpl.createInjectionTarget(InjectionTargetFactoryImpl.java:59)
	at org.apache.webbeans.component.InjectionTargetBean.<init>(InjectionTargetBean.java:67)
	at org.apache.webbeans.component.InjectionTargetBean.<init>(InjectionTargetBean.java:51)
	at org.apache.webbeans.component.ManagedBean.<init>(ManagedBean.java:42)
	at org.apache.webbeans.component.creation.ManagedBeanBuilder.getBean(ManagedBeanBuilder.java:62)
	at org.apache.webbeans.config.BeansDeployer.defineManagedBean(BeansDeployer.java:1001)
	at org.apache.webbeans.config.BeansDeployer.deploySingleAnnotatedType(BeansDeployer.java:661)
	at org.apache.webbeans.config.BeansDeployer.deployFromClassPath(BeansDeployer.java:587)
	at org.apache.webbeans.config.BeansDeployer.deploy(BeansDeployer.java:190)
	at org.apache.openejb.cdi.OpenEJBLifecycle.startApplication(OpenEJBLifecycle.java:192)
	at org.apache.openejb.cdi.ThreadSingletonServiceImpl.initialize(ThreadSingletonServiceImpl.java:160)
	at org.apache.openejb.cdi.CdiBuilder.build(CdiBuilder.java:41)
	at org.apache.openejb.assembler.classic.Assembler.createApplication(Assembler.java:785)
	... 18 more

Nov 28, 2018 1:55:23 PM org.apache.catalina.startup.HostConfig deployWAR
SEVERE: Error deploying web application archive C:\Users\i058967\address-manager\application\target\apache-tomee\webapps\ROOT.war
java.lang.IllegalStateException: ContainerBase.addChild: start: org.apache.catalina.LifecycleException: Failed to start component [StandardEngine[Catalina].StandardHost[localhost].StandardContext[]]
	at org.apache.catalina.core.ContainerBase.addChildInternal(ContainerBase.java:1013)
	at org.apache.catalina.core.ContainerBase.addChild(ContainerBase.java:985)
	at org.apache.catalina.core.StandardHost.addChild(StandardHost.java:652)
	at org.apache.catalina.startup.HostConfig.deployWAR(HostConfig.java:1127)
	at org.apache.catalina.startup.HostConfig$DeployWar.run(HostConfig.java:2020)
	at java.util.concurrent.Executors$RunnableAdapter.call(Executors.java:511)
	at java.util.concurrent.FutureTask.run(FutureTask.java:266)
	at java.util.concurrent.ThreadPoolExecutor.runWorker(ThreadPoolExecutor.java:1149)
	at java.util.concurrent.ThreadPoolExecutor$Worker.run(ThreadPoolExecutor.java:624)
	at java.lang.Thread.run(Thread.java:748)

Nov 28, 2018 1:55:23 PM org.apache.catalina.startup.HostConfig deployWAR
INFO: Deployment of web application archive C:\Users\i058967\address-manager\application\target\apache-tomee\webapps\ROOT.war has finished in 21,754 ms
Nov 28, 2018 1:55:23 PM org.apache.catalina.startup.Catalina start
INFO: Server startup in 22177 ms
Nov 28, 2018 1:55:23 PM org.apache.catalina.core.StandardServer await
SEVERE: StandardServer.await: create[localhost:8005]: 
java.net.BindException: Address already in use: JVM_Bind
	at java.net.DualStackPlainSocketImpl.bind0(Native Method)
	at java.net.DualStackPlainSocketImpl.socketBind(DualStackPlainSocketImpl.java:106)
	at java.net.AbstractPlainSocketImpl.bind(AbstractPlainSocketImpl.java:387)
	at java.net.PlainSocketImpl.bind(PlainSocketImpl.java:190)
	at java.net.ServerSocket.bind(ServerSocket.java:375)
	at java.net.ServerSocket.<init>(ServerSocket.java:237)
	at org.apache.catalina.core.StandardServer.await(StandardServer.java:444)
	at org.apache.catalina.startup.Catalina.await(Catalina.java:782)
	at org.apache.catalina.startup.Catalina.start(Catalina.java:728)
	at sun.reflect.NativeMethodAccessorImpl.invoke0(Native Method)
	at sun.reflect.NativeMethodAccessorImpl.invoke(NativeMethodAccessorImpl.java:62)
	at sun.reflect.DelegatingMethodAccessorImpl.invoke(DelegatingMethodAccessorImpl.java:43)
	at java.lang.reflect.Method.invoke(Method.java:498)
	at org.apache.catalina.startup.Bootstrap.start(Bootstrap.java:294)
	at org.apache.catalina.startup.Bootstrap.main(Bootstrap.java:428)

Nov 28, 2018 1:55:23 PM org.apache.coyote.AbstractProtocol pause
INFO: Pausing ProtocolHandler ["http-bio-8080"]
Nov 28, 2018 1:55:23 PM org.apache.coyote.AbstractProtocol pause
INFO: Pausing ProtocolHandler ["ajp-bio-8009"]
Nov 28, 2018 1:55:23 PM org.apache.catalina.core.StandardService stopInternal
INFO: Stopping service Catalina
Nov 28, 2018 1:55:23 PM org.apache.openejb.server.SimpleServiceManager stop
INFO: Stopping server services
Nov 28, 2018 1:55:24 PM org.apache.coyote.AbstractProtocol stop
INFO: Stopping ProtocolHandler ["http-bio-8080"]
Nov 28, 2018 1:55:24 PM org.apache.coyote.AbstractProtocol destroy
INFO: Destroying ProtocolHandler ["http-bio-8080"]
Nov 28, 2018 1:55:24 PM org.apache.coyote.AbstractProtocol stop
INFO: Stopping ProtocolHandler ["ajp-bio-8009"]
Nov 28, 2018 1:55:24 PM org.apache.coyote.AbstractProtocol destroy
INFO: Destroying ProtocolHandler ["ajp-bio-8009"]
Nov 28, 2018 1:55:27 PM org.apache.openejb.cdi.OpenEJBLifecycle startApplication
INFO: OpenWebBeans Container has started, it took 17404 ms.
Nov 28, 2018 1:55:27 PM org.apache.openejb.assembler.classic.Assembler createApplication
INFO: Deployed Application(path=C:\Users\i058967\address-manager\application\target\apache-tomee\webapps\ROOT)
Nov 28, 2018 1:55:28 PM org.apache.catalina.startup.HostConfig deployWAR
INFO: Deployment of web application archive C:\Users\i058967\address-manager\application\target\apache-tomee\webapps\ROOT.war has finished in 28,840 ms
